15:32:11.798 [main] INFO  com.michael.github.Main - info
15:32:11.799 [main] ERROR com.michael.github.Main - Error
15:32:11.799 [main] DEBUG com.michael.github.Main - debug
15:32:11.799 [main] FATAL com.michael.github.Main - fatal
15:33:15.797 [main] INFO  com.michael.github.Main - info
15:33:15.798 [main] ERROR com.michael.github.Main - Error
15:33:15.798 [main] DEBUG com.michael.github.Main - debug
15:33:15.799 [main] FATAL com.michael.github.Main - fatal
15:46:53.473 [main] INFO  com.michael.github.Main - info
15:46:53.475 [main] ERROR com.michael.github.Main - Error
15:46:53.475 [main] DEBUG com.michael.github.Main - debug
15:46:53.475 [main] FATAL com.michael.github.Main - fatal
15:47:37.069 [main] INFO  com.michael.github.Main - info
15:47:37.071 [main] ERROR com.michael.github.Main - Error
15:47:37.071 [main] DEBUG com.michael.github.Main - debug
15:47:37.071 [main] FATAL com.michael.github.Main - fatal
15:48:13.268 [main] INFO  com.michael.github.Main - info
15:48:13.269 [main] ERROR com.michael.github.Main - Error
15:48:13.270 [main] DEBUG com.michael.github.Main - debug
15:48:13.270 [main] FATAL com.michael.github.Main - fatal
09:44:20.740 [main] INFO  com.michael.github.newClass - In newClass Constructor
09:44:20.741 [main] INFO  com.michael.github.Main - info
09:44:20.741 [main] ERROR com.michael.github.Main - Error
09:44:20.741 [main] DEBUG com.michael.github.Main - debug
09:44:20.741 [main] FATAL com.michael.github.Main - fatal
09:44:20.741 [main] INFO  com.michael.github.newClass - In printVar method of newClass
16:40:31.504 [main] INFO  com.michael.github.newClass - In newClass Constructor
16:40:31.506 [main] INFO  com.michael.github.Main - info
16:40:31.506 [main] ERROR com.michael.github.Main - Error
16:40:31.506 [main] DEBUG com.michael.github.Main - debug
16:40:31.506 [main] FATAL com.michael.github.Main - fatal
16:40:31.506 [main] INFO  com.michael.github.newClass - In printVar method of newClass
16:40:31.506 [main] INFO  com.michael.github.newClass - in printVarPlusOne method of newClass
